[2026/02/14 01:17:18] Conexión exitosa a PostgreSQL.
[2026/02/14 01:17:18]Obtener informacion de todos los usuario hasta: 
[2026/02/14 02:19:43] Conexión exitosa a PostgreSQL.
[2026/02/14 02:19:43] Reddons
[2026/02/14 02:22:01] Conexión exitosa a PostgreSQL.
[2026/02/14 02:22:01] Ya existe el usuario: Reddons
[2026/02/14 02:25:01] Conexión exitosa a PostgreSQL.
[2026/02/14 02:25:01] No existe ese usuario, proceder a crearlo
[2026/02/14 02:25:01] Usuario creado: Reddons
[2026/02/14 02:27:48] Conexión exitosa a PostgreSQL.
[2026/02/14 02:27:48] Ya existe el usuario: Reddons
[2026/02/14 02:28:10] Conexión exitosa a PostgreSQL.
[2026/02/14 02:28:10] No existe ese usuario, proceder a crearlo
[2026/02/14 02:28:10] Error encontrado: ErrorException: pg_query(): Query failed: ERROR:  duplicate key value violates unique constraint &quot;usuario_name_key&quot;
DETAIL:  Key (name)=(Reddons) already exists. in /home/vesper/Documentos/Proyectos/Blog/controllers/users.controllers.php:12
Stack trace:
#0 [internal function]: exceptions_error_handler()
#1 /home/vesper/Documentos/Proyectos/Blog/controllers/users.controllers.php(12): pg_query()
#2 /home/vesper/Documentos/Proyectos/Blog/users.php(9): createUserController()
#3 {main}
[2026/02/14 02:28:17] Conexión exitosa a PostgreSQL.
[2026/02/14 02:28:17] Obtener informacion de todos los usuario hasta: 
[2026/02/14 02:29:40] Conexión exitosa a PostgreSQL.
[2026/02/14 02:29:40] Ya existe el usuario: Reddons
[2026/02/14 02:30:27] Conexión exitosa a PostgreSQL.
[2026/02/14 02:30:27] No existe ese usuario, proceder a crearlo
[2026/02/14 02:30:27] Error encontrado: ErrorException: pg_query(): Query failed: ERROR:  duplicate key value violates unique constraint &quot;usuario_name_key&quot;
DETAIL:  Key (name)=(Reddons) already exists. in /home/vesper/Documentos/Proyectos/Blog/controllers/users.controllers.php:12
Stack trace:
#0 [internal function]: exceptions_error_handler()
#1 /home/vesper/Documentos/Proyectos/Blog/controllers/users.controllers.php(12): pg_query()
#2 /home/vesper/Documentos/Proyectos/Blog/users.php(9): createUserController()
#3 {main}
[2026/02/14 02:31:29] Conexión exitosa a PostgreSQL.
[2026/02/14 02:31:29] No existe ese usuario, proceder a crearlo
[2026/02/14 02:31:29] Error encontrado: ErrorException: pg_query(): Query failed: ERROR:  duplicate key value violates unique constraint &quot;usuario_name_key&quot;
DETAIL:  Key (name)=(Reddons) already exists. in /home/vesper/Documentos/Proyectos/Blog/controllers/users.controllers.php:12
Stack trace:
#0 [internal function]: exceptions_error_handler()
#1 /home/vesper/Documentos/Proyectos/Blog/controllers/users.controllers.php(12): pg_query()
#2 /home/vesper/Documentos/Proyectos/Blog/users.php(9): createUserController()
#3 {main}
[2026/02/14 02:31:58] Conexión exitosa a PostgreSQL.
[2026/02/14 02:31:58] Ya existe el usuario: Reddons
[2026/02/14 02:32:08] Conexión exitosa a PostgreSQL.
[2026/02/14 02:32:08] No existe ese usuario, proceder a crearlo
[2026/02/14 02:32:08] Error encontrado: ErrorException: pg_query(): Query failed: ERROR:  duplicate key value violates unique constraint &quot;usuario_name_key&quot;
DETAIL:  Key (name)=(Reddons) already exists. in /home/vesper/Documentos/Proyectos/Blog/controllers/users.controllers.php:12
Stack trace:
#0 [internal function]: exceptions_error_handler()
#1 /home/vesper/Documentos/Proyectos/Blog/controllers/users.controllers.php(12): pg_query()
#2 /home/vesper/Documentos/Proyectos/Blog/users.php(9): createUserController()
#3 {main}
[2026/02/14 02:32:28] Conexión exitosa a PostgreSQL.
[2026/02/14 02:32:28] No existe ese usuario, proceder a crearlo
[2026/02/14 02:32:28] Error encontrado: ErrorException: pg_query(): Query failed: ERROR:  duplicate key value violates unique constraint &quot;usuario_name_key&quot;
DETAIL:  Key (name)=(Reddons) already exists. in /home/vesper/Documentos/Proyectos/Blog/controllers/users.controllers.php:12
Stack trace:
#0 [internal function]: exceptions_error_handler()
#1 /home/vesper/Documentos/Proyectos/Blog/controllers/users.controllers.php(12): pg_query()
#2 /home/vesper/Documentos/Proyectos/Blog/users.php(9): createUserController()
#3 {main}
[2026/02/14 02:33:24] Conexión exitosa a PostgreSQL.
[2026/02/14 02:33:24] No existe ese usuario, proceder a crearlo
[2026/02/14 02:33:24] Error encontrado: ErrorException: pg_query(): Query failed: ERROR:  duplicate key value violates unique constraint &quot;usuario_name_key&quot;
DETAIL:  Key (name)=(Reddons) already exists. in /home/vesper/Documentos/Proyectos/Blog/controllers/users.controllers.php:12
Stack trace:
#0 [internal function]: exceptions_error_handler()
#1 /home/vesper/Documentos/Proyectos/Blog/controllers/users.controllers.php(12): pg_query()
#2 /home/vesper/Documentos/Proyectos/Blog/users.php(9): createUserController()
#3 {main}
[2026/02/14 02:34:35] Conexión exitosa a PostgreSQL.
[2026/02/14 02:34:35] No existe ese usuario, proceder a crearlo
[2026/02/14 02:34:35] Error encontrado: ErrorException: pg_query(): Query failed: ERROR:  duplicate key value violates unique constraint &quot;usuario_name_key&quot;
DETAIL:  Key (name)=(Reddons) already exists. in /home/vesper/Documentos/Proyectos/Blog/controllers/users.controllers.php:12
Stack trace:
#0 [internal function]: exceptions_error_handler()
#1 /home/vesper/Documentos/Proyectos/Blog/controllers/users.controllers.php(12): pg_query()
#2 /home/vesper/Documentos/Proyectos/Blog/users.php(9): createUserController()
#3 {main}
[2026/02/14 02:35:12] Conexión exitosa a PostgreSQL.
[2026/02/14 02:35:12] Ya existe el usuario: Reddons
[2026/02/14 02:35:48] Conexión exitosa a PostgreSQL.
[2026/02/14 02:35:48] Ya existe el usuario: Reddons
[2026/02/14 02:36:00] Conexión exitosa a PostgreSQL.
[2026/02/14 02:36:00] Ya existe el usuario: Reddons
[2026/02/14 02:39:52] Conexión exitosa a PostgreSQL.
[2026/02/14 02:39:52] Ya existe el usuario: Reddons
[2026/02/14 02:40:24] Conexión exitosa a PostgreSQL.
[2026/02/14 02:40:24] Ya existe el usuario: Zam
[2026/02/14 02:42:59] Conexión exitosa a PostgreSQL.
[2026/02/14 02:42:59] No existe ese usuario, proceder a crearlo
[2026/02/14 02:42:59] Usuario creado: Zam
[2026/02/14 02:43:27] Conexión exitosa a PostgreSQL.
[2026/02/14 02:43:41] Conexión exitosa a PostgreSQL.
[2026/02/14 02:43:41] Obtener informacion de todos los usuario hasta: 
[2026/02/14 02:43:59] Conexión exitosa a PostgreSQL.
[2026/02/14 02:44:07] Conexión exitosa a PostgreSQL.
[2026/02/14 02:44:07] No existe ese usuario, proceder a crearlo
[2026/02/14 02:44:07] Error encontrado: ErrorException: pg_query(): Query failed: ERROR:  duplicate key value violates unique constraint &quot;usuario_name_key&quot;
DETAIL:  Key (name)=(Zam) already exists. in /home/vesper/Documentos/Proyectos/Blog/controllers/users.controllers.php:12
Stack trace:
#0 [internal function]: exceptions_error_handler()
#1 /home/vesper/Documentos/Proyectos/Blog/controllers/users.controllers.php(12): pg_query()
#2 /home/vesper/Documentos/Proyectos/Blog/users.php(9): createUserController()
#3 {main}
[2026/02/14 02:45:19] Conexión exitosa a PostgreSQL.
[2026/02/14 02:46:04] Conexión exitosa a PostgreSQL.
[2026/02/14 02:46:04] No existe ese usuario, proceder a crearlo
[2026/02/14 02:46:04] Error encontrado: ErrorException: pg_query(): Query failed: ERROR:  duplicate key value violates unique constraint &quot;usuario_name_key&quot;
DETAIL:  Key (name)=(Vesper274) already exists. in /home/vesper/Documentos/Proyectos/Blog/controllers/users.controllers.php:12
Stack trace:
#0 [internal function]: exceptions_error_handler()
#1 /home/vesper/Documentos/Proyectos/Blog/controllers/users.controllers.php(12): pg_query()
#2 /home/vesper/Documentos/Proyectos/Blog/users.php(9): createUserController()
#3 {main}
[2026/02/14 02:46:45] Conexión exitosa a PostgreSQL.
[2026/02/14 02:46:45] No existe ese usuario, proceder a crearlo
[2026/02/14 02:46:45] Error encontrado: ErrorException: pg_query(): Query failed: ERROR:  duplicate key value violates unique constraint &quot;usuario_name_key&quot;
DETAIL:  Key (name)=(Vesper274) already exists. in /home/vesper/Documentos/Proyectos/Blog/controllers/users.controllers.php:12
Stack trace:
#0 [internal function]: exceptions_error_handler()
#1 /home/vesper/Documentos/Proyectos/Blog/controllers/users.controllers.php(12): pg_query()
#2 /home/vesper/Documentos/Proyectos/Blog/users.php(9): createUserController()
#3 {main}
[2026/02/14 02:47:51] Conexión exitosa a PostgreSQL.
[2026/02/14 02:47:51] No existe ese usuario, proceder a crearlo
[2026/02/14 02:47:51] Error encontrado: ErrorException: pg_query(): Query failed: ERROR:  duplicate key value violates unique constraint &quot;usuario_name_key&quot;
DETAIL:  Key (name)=(Vesper274) already exists. in /home/vesper/Documentos/Proyectos/Blog/controllers/users.controllers.php:12
Stack trace:
#0 [internal function]: exceptions_error_handler()
#1 /home/vesper/Documentos/Proyectos/Blog/controllers/users.controllers.php(12): pg_query()
#2 /home/vesper/Documentos/Proyectos/Blog/users.php(9): createUserController()
#3 {main}
[2026/02/14 02:48:53] Conexión exitosa a PostgreSQL.
[2026/02/14 02:48:53] Ya existe el usuario: t
[2026/02/14 02:50:00] Conexión exitosa a PostgreSQL.
[2026/02/14 02:50:00] Ya existe el usuario: Vesper274
[2026/02/14 02:51:37] Conexión exitosa a PostgreSQL.
[2026/02/14 02:51:37] Ya existe el usuario: Vesper274
[2026/02/14 02:52:01] Conexión exitosa a PostgreSQL.
[2026/02/14 02:52:01] Creando usuario: Kyle
[2026/02/14 02:52:01] Usuario creado: Kyle
[2026/02/14 02:52:10] Conexión exitosa a PostgreSQL.
[2026/02/14 02:52:10] Obtener informacion de todos los usuario hasta: 
[2026/02/14 02:53:53] Conexión exitosa a PostgreSQL.
[2026/02/14 02:53:53] Usuario eliminado: Kyle
[2026/02/14 02:53:57] Conexión exitosa a PostgreSQL.
[2026/02/14 02:53:57] Obtener informacion de todos los usuario hasta: 
[2026/02/14 03:16:44] Conexión exitosa a PostgreSQL.
[2026/02/14 03:16:44] Obtener informacion de todos los usuario hasta: 
